time d train --epochs 100 --learning-rate 0.06 --momentum 0.1 traindata.pfile validdata.pfile < mlp-100h.json > mlp-0.06lr-100h-100epochs.json
[2014-07-29 13:51:43,045] >> Loading model
[2014-07-29 13:51:43,065] >> Loading datasets
[2014-07-29 13:51:43,790] >> Supervised training started with arguments:
{'adadelta': False,
 'adadelta_epsilon': '1e-6',
 'adadelta_rho': '0.95',
 'adagrad': False,
 'adagrad_decay': False,
 'batch_size': 256,
 'datasets': (DatasetContainer [PFileDataset@traindata.pfile,1],
              DatasetContainer [PFileDataset@validdata.pfile,1],
              DatasetContainer []),
 'epochs': 100,
 'fix_layers': [],
 'graph': False,
 'hooks': [],
 'l1_reg': '0.0',
 'l2_reg': '0.0',
 'layer_args': [],
 'learning_rate': '0.06',
 'minibatches': -1,
 'momentum': '0.1',
 'newbob': False,
 'newbob_decay': 0.5,
 'newbob_threshold': [0.005, 0.001],
 'patience': -1,
 'patience_improve_threshold': 0.995,
 'patience_increase': 1.5,
 'pre_validate': False,
 'print_errors': False,
 'validation_interval': -1,
 'verbosity': 0,
 'warn': False}
[2014-07-29 13:51:43,791] >> Compiling theano graph
[2014-07-29 13:51:46,226] >> Training started
[2014-07-29 13:52:09,994] >  epoch 1/531, validation error 0.985169
[2014-07-29 13:52:33,637] >  epoch 2/1062, validation error 0.971266
[2014-07-29 13:52:57,320] >  epoch 3/1593, validation error 0.961269
[2014-07-29 13:53:21,039] >  epoch 4/2124, validation error 0.948159
[2014-07-29 13:53:44,864] >  epoch 5/2655, validation error 0.935779
[2014-07-29 13:54:08,670] >  epoch 6/3186, validation error 0.926245
[2014-07-29 13:54:32,485] >  epoch 7/3717, validation error 0.895988
[2014-07-29 13:54:56,645] >  epoch 8/4248, validation error 0.874934
[2014-07-29 13:55:20,603] >  epoch 9/4779, validation error 0.861758
[2014-07-29 13:55:44,391] >  epoch 10/5310, validation error 0.852887
[2014-07-29 13:56:08,154] >  epoch 11/5841, validation error 0.835739
[2014-07-29 13:56:31,799] >  epoch 12/6372, validation error 0.821570
[2014-07-29 13:56:55,597] >  epoch 13/6903, validation error 0.812434
[2014-07-29 13:57:19,378] >  epoch 14/7434, validation error 0.805747
[2014-07-29 13:57:43,429] >  epoch 15/7965, validation error 0.799457
[2014-07-29 13:58:07,305] >  epoch 16/8496, validation error 0.793167
[2014-07-29 13:58:30,937] >  epoch 17/9027, validation error 0.788069
[2014-07-29 13:58:54,570] >  epoch 18/9558, validation error 0.782243
[2014-07-29 13:59:18,349] >  epoch 19/10089, validation error 0.776483
[2014-07-29 13:59:42,089] >  epoch 20/10620, validation error 0.767942
[2014-07-29 14:00:05,743] >  epoch 21/11151, validation error 0.761984
[2014-07-29 14:00:29,358] >  epoch 22/11682, validation error 0.758077
[2014-07-29 14:00:52,941] >  epoch 23/12213, validation error 0.752847
[2014-07-29 14:01:16,755] >  epoch 24/12744, validation error 0.748676
[2014-07-29 14:01:40,418] >  epoch 25/13275, validation error 0.745233
[2014-07-29 14:02:04,092] >  epoch 26/13806, validation error 0.742783
[2014-07-29 14:02:28,250] >  epoch 27/14337, validation error 0.739208
[2014-07-29 14:02:52,026] >  epoch 28/14868, validation error 0.734905
[2014-07-29 14:03:15,752] >  epoch 29/15399, validation error 0.728880
[2014-07-29 14:03:39,427] >  epoch 30/15930, validation error 0.724974
[2014-07-29 14:04:03,245] >  epoch 31/16461, validation error 0.721729
[2014-07-29 14:04:27,746] >  epoch 32/16992, validation error 0.718882
[2014-07-29 14:04:51,768] >  epoch 33/17523, validation error 0.716367
[2014-07-29 14:05:15,593] >  epoch 34/18054, validation error 0.713784
[2014-07-29 14:05:39,321] >  epoch 35/18585, validation error 0.710606
[2014-07-29 14:06:03,075] >  epoch 36/19116, validation error 0.708289
[2014-07-29 14:06:26,971] >  epoch 37/19647, validation error 0.705840
[2014-07-29 14:06:50,761] >  epoch 38/20178, validation error 0.703655
[2014-07-29 14:07:14,445] >  epoch 39/20709, validation error 0.701999
[2014-07-29 14:07:38,019] >  epoch 40/21240, validation error 0.700675
[2014-07-29 14:08:01,564] >  epoch 41/21771, validation error 0.698292
[2014-07-29 14:08:25,163] >  epoch 42/22302, validation error 0.692135
[2014-07-29 14:08:48,821] >  epoch 43/22833, validation error 0.689751
[2014-07-29 14:09:12,510] >  epoch 44/23364, validation error 0.688294
[2014-07-29 14:09:36,265] >  epoch 45/23895, validation error 0.687301
[2014-07-29 14:09:59,880] >  epoch 46/24426, validation error 0.685977
[2014-07-29 14:10:23,535] >  epoch 47/24957, validation error 0.684852
[2014-07-29 14:10:47,176] >  epoch 48/25488, validation error 0.682998
[2014-07-29 14:11:11,036] >  epoch 49/26019, validation error 0.680151
[2014-07-29 14:11:34,994] >  epoch 50/26550, validation error 0.678297
[2014-07-29 14:11:58,750] >  epoch 51/27081, validation error 0.676377
[2014-07-29 14:12:22,756] >  epoch 52/27612, validation error 0.674590
[2014-07-29 14:12:47,140] >  epoch 53/28143, validation error 0.673067
[2014-07-29 14:13:12,009] >  epoch 54/28674, validation error 0.670617
[2014-07-29 14:13:36,925] >  epoch 55/29205, validation error 0.668432
[2014-07-29 14:14:01,880] >  epoch 56/29736, validation error 0.666446
[2014-07-29 14:14:27,001] >  epoch 57/30267, validation error 0.664725
[2014-07-29 14:14:52,011] >  epoch 58/30798, validation error 0.663069
[2014-07-29 14:15:16,908] >  epoch 59/31329, validation error 0.661083
[2014-07-29 14:15:41,818] >  epoch 60/31860, validation error 0.659759
[2014-07-29 14:16:06,730] >  epoch 61/32391, validation error 0.657905
[2014-07-29 14:16:31,697] >  epoch 62/32922, validation error 0.656184
[2014-07-29 14:16:56,546] >  epoch 63/33453, validation error 0.654860
[2014-07-29 14:17:20,471] >  epoch 64/33984, validation error 0.653204
[2014-07-29 14:17:44,095] >  epoch 65/34515, validation error 0.651284
[2014-07-29 14:18:08,944] >  epoch 66/35046, validation error 0.649629
[2014-07-29 14:18:33,779] >  epoch 67/35577, validation error 0.647908
[2014-07-29 14:18:58,726] >  epoch 68/36108, validation error 0.645922
[2014-07-29 14:19:23,380] >  epoch 69/36639, validation error 0.644862
[2014-07-29 14:19:48,128] >  epoch 70/37170, validation error 0.643406
[2014-07-29 14:20:13,018] >  epoch 71/37701, validation error 0.642148
[2014-07-29 14:20:37,942] >  epoch 72/38232, validation error 0.640162
[2014-07-29 14:21:03,087] >  epoch 73/38763, validation error 0.638639
[2014-07-29 14:21:27,698] >  epoch 74/39294, validation error 0.637646
[2014-07-29 14:21:52,105] >  epoch 75/39825, validation error 0.636322
[2014-07-29 14:22:16,370] >  epoch 76/40356, validation error 0.634997
[2014-07-29 14:22:40,643] >  epoch 77/40887, validation error 0.633739
[2014-07-29 14:23:04,746] >  epoch 78/41418, validation error 0.632084
[2014-07-29 14:23:28,868] >  epoch 79/41949, validation error 0.630628
[2014-07-29 14:23:53,124] >  epoch 80/42480, validation error 0.628708
[2014-07-29 14:24:17,347] >  epoch 81/43011, validation error 0.626192
[2014-07-29 14:24:42,145] >  epoch 82/43542, validation error 0.624338
[2014-07-29 14:25:07,037] >  epoch 83/44073, validation error 0.623080
[2014-07-29 14:25:31,966] >  epoch 84/44604, validation error 0.622352
[2014-07-29 14:25:56,798] >  epoch 85/45135, validation error 0.620763
[2014-07-29 14:26:21,507] >  epoch 86/45666, validation error 0.619041
[2014-07-29 14:26:45,300] >  epoch 87/46197, validation error 0.617717
[2014-07-29 14:27:08,902] >  epoch 88/46728, validation error 0.615665
[2014-07-29 14:27:32,677] >  epoch 89/47259, validation error 0.613745
[2014-07-29 14:27:57,544] >  epoch 90/47790, validation error 0.611295
[2014-07-29 14:28:22,324] >  epoch 91/48321, validation error 0.609838
[2014-07-29 14:28:47,024] >  epoch 92/48852, validation error 0.608779
[2014-07-29 14:29:11,724] >  epoch 93/49383, validation error 0.607389
[2014-07-29 14:29:36,438] >  epoch 94/49914, validation error 0.605800
[2014-07-29 14:30:01,139] >  epoch 95/50445, validation error 0.604674
[2014-07-29 14:30:25,926] >  epoch 96/50976, validation error 0.603151
[2014-07-29 14:30:50,596] >  epoch 97/51507, validation error 0.601761
[2014-07-29 14:31:15,312] >  epoch 98/52038, validation error 0.600305
[2014-07-29 14:31:39,965] >  epoch 99/52569, validation error 0.598782
[2014-07-29 14:32:04,654] >  epoch 100/53100, validation error 0.597060
[2014-07-29 14:32:04,661] >> Training finished in 0:40:18.434808
d train --epochs 100 --learning-rate 0.06 --momentum 0.1 traindata.pfile    2394,09s user 5,04s system 99% cpu 40:21,96 total
