time d train --epochs 100 --learning-rate 0.08 --momentum 0.1 traindata.pfile validdata.pfile < mlp-100h.json > mlp-0.08lr-100h-100epochs.json
[2014-07-29 12:36:32,678] >> Loading model
[2014-07-29 12:36:32,699] >> Loading datasets
[2014-07-29 12:36:33,435] >> Supervised training started with arguments:
{'adadelta': False,
 'adadelta_epsilon': '1e-6',
 'adadelta_rho': '0.95',
 'adagrad': False,
 'adagrad_decay': False,
 'batch_size': 256,
 'datasets': (DatasetContainer [PFileDataset@traindata.pfile,1],
              DatasetContainer [PFileDataset@validdata.pfile,1],
              DatasetContainer []),
 'epochs': 100,
 'fix_layers': [],
 'graph': False,
 'hooks': [],
 'l1_reg': '0.0',
 'l2_reg': '0.0',
 'layer_args': [],
 'learning_rate': '0.08',
 'minibatches': -1,
 'momentum': '0.1',
 'newbob': False,
 'newbob_decay': 0.5,
 'newbob_threshold': [0.005, 0.001],
 'patience': -1,
 'patience_improve_threshold': 0.995,
 'patience_increase': 1.5,
 'pre_validate': False,
 'print_errors': False,
 'validation_interval': -1,
 'verbosity': 0,
 'warn': False}
[2014-07-29 12:36:33,435] >> Compiling theano graph
[2014-07-29 12:36:35,907] >> Training started
[2014-07-29 12:36:59,717] >  epoch 1/531, validation error 0.982323
[2014-07-29 12:37:23,543] >  epoch 2/1062, validation error 0.968154
[2014-07-29 12:37:47,341] >  epoch 3/1593, validation error 0.957760
[2014-07-29 12:38:11,163] >  epoch 4/2124, validation error 0.939288
[2014-07-29 12:38:35,001] >  epoch 5/2655, validation error 0.930681
[2014-07-29 12:38:58,772] >  epoch 6/3186, validation error 0.913864
[2014-07-29 12:39:22,576] >  epoch 7/3717, validation error 0.881290
[2014-07-29 12:39:46,497] >  epoch 8/4248, validation error 0.864672
[2014-07-29 12:40:10,342] >  epoch 9/4779, validation error 0.848186
[2014-07-29 12:40:34,178] >  epoch 10/5310, validation error 0.832826
[2014-07-29 12:40:57,903] >  epoch 11/5841, validation error 0.820180
[2014-07-29 12:41:21,560] >  epoch 12/6372, validation error 0.810911
[2014-07-29 12:41:45,187] >  epoch 13/6903, validation error 0.803430
[2014-07-29 12:42:08,865] >  epoch 14/7434, validation error 0.795749
[2014-07-29 12:42:32,549] >  epoch 15/7965, validation error 0.788334
[2014-07-29 12:42:56,392] >  epoch 16/8496, validation error 0.782442
[2014-07-29 12:43:20,101] >  epoch 17/9027, validation error 0.776483
[2014-07-29 12:43:43,770] >  epoch 18/9558, validation error 0.770326
[2014-07-29 12:44:07,517] >  epoch 19/10089, validation error 0.765493
[2014-07-29 12:44:31,204] >  epoch 20/10620, validation error 0.760726
[2014-07-29 12:44:54,932] >  epoch 21/11151, validation error 0.756555
[2014-07-29 12:45:18,683] >  epoch 22/11682, validation error 0.752715
[2014-07-29 12:45:42,377] >  epoch 23/12213, validation error 0.748610
[2014-07-29 12:46:06,136] >  epoch 24/12744, validation error 0.743114
[2014-07-29 12:46:29,745] >  epoch 25/13275, validation error 0.736692
[2014-07-29 12:46:53,374] >  epoch 26/13806, validation error 0.731131
[2014-07-29 12:47:17,021] >  epoch 27/14337, validation error 0.727423
[2014-07-29 12:47:40,950] >  epoch 28/14868, validation error 0.724311
[2014-07-29 12:48:04,698] >  epoch 29/15399, validation error 0.720538
[2014-07-29 12:48:28,427] >  epoch 30/15930, validation error 0.717558
[2014-07-29 12:48:52,010] >  epoch 31/16461, validation error 0.714513
[2014-07-29 12:49:15,818] >  epoch 32/16992, validation error 0.707826
[2014-07-29 12:49:39,537] >  epoch 33/17523, validation error 0.705773
[2014-07-29 12:50:03,275] >  epoch 34/18054, validation error 0.703456
[2014-07-29 12:50:26,943] >  epoch 35/18585, validation error 0.701404
[2014-07-29 12:50:50,717] >  epoch 36/19116, validation error 0.699086
[2014-07-29 12:51:14,444] >  epoch 37/19647, validation error 0.697166
[2014-07-29 12:51:38,263] >  epoch 38/20178, validation error 0.694386
[2014-07-29 12:52:02,080] >  epoch 39/20709, validation error 0.691870
[2014-07-29 12:52:25,862] >  epoch 40/21240, validation error 0.689552
[2014-07-29 12:52:49,556] >  epoch 41/21771, validation error 0.687103
[2014-07-29 12:53:13,248] >  epoch 42/22302, validation error 0.684521
[2014-07-29 12:53:36,963] >  epoch 43/22833, validation error 0.682270
[2014-07-29 12:54:00,678] >  epoch 44/23364, validation error 0.679754
[2014-07-29 12:54:24,440] >  epoch 45/23895, validation error 0.676708
[2014-07-29 12:54:48,247] >  epoch 46/24426, validation error 0.674722
[2014-07-29 12:55:11,985] >  epoch 47/24957, validation error 0.672471
[2014-07-29 12:55:35,702] >  epoch 48/25488, validation error 0.670617
[2014-07-29 12:55:59,413] >  epoch 49/26019, validation error 0.667969
[2014-07-29 12:56:23,180] >  epoch 50/26550, validation error 0.665387
[2014-07-29 12:56:46,929] >  epoch 51/27081, validation error 0.663268
[2014-07-29 12:57:10,639] >  epoch 52/27612, validation error 0.661216
[2014-07-29 12:57:34,287] >  epoch 53/28143, validation error 0.659097
[2014-07-29 12:57:57,997] >  epoch 54/28674, validation error 0.656846
[2014-07-29 12:58:22,021] >  epoch 55/29205, validation error 0.654727
[2014-07-29 12:58:46,125] >  epoch 56/29736, validation error 0.652542
[2014-07-29 12:59:10,062] >  epoch 57/30267, validation error 0.650953
[2014-07-29 12:59:33,965] >  epoch 58/30798, validation error 0.648901
[2014-07-29 12:59:57,683] >  epoch 59/31329, validation error 0.646253
[2014-07-29 13:00:21,432] >  epoch 60/31860, validation error 0.645127
[2014-07-29 13:00:45,367] >  epoch 61/32391, validation error 0.643340
[2014-07-29 13:01:09,073] >  epoch 62/32922, validation error 0.641817
[2014-07-29 13:01:32,699] >  epoch 63/33453, validation error 0.639367
[2014-07-29 13:01:56,389] >  epoch 64/33984, validation error 0.637646
[2014-07-29 13:02:20,347] >  epoch 65/34515, validation error 0.635726
[2014-07-29 13:02:44,031] >  epoch 66/35046, validation error 0.634004
[2014-07-29 13:03:07,640] >  epoch 67/35577, validation error 0.631488
[2014-07-29 13:03:31,291] >  epoch 68/36108, validation error 0.630032
[2014-07-29 13:03:54,894] >  epoch 69/36639, validation error 0.627383
[2014-07-29 13:04:18,552] >  epoch 70/37170, validation error 0.625861
[2014-07-29 13:04:42,590] >  epoch 71/37701, validation error 0.624470
[2014-07-29 13:05:06,581] >  epoch 72/38232, validation error 0.621623
[2014-07-29 13:05:30,519] >  epoch 73/38763, validation error 0.619372
[2014-07-29 13:05:54,389] >  epoch 74/39294, validation error 0.617982
[2014-07-29 13:06:18,224] >  epoch 75/39825, validation error 0.615930
[2014-07-29 13:06:42,151] >  epoch 76/40356, validation error 0.613745
[2014-07-29 13:07:06,101] >  epoch 77/40887, validation error 0.611626
[2014-07-29 13:07:29,966] >  epoch 78/41418, validation error 0.609507
[2014-07-29 13:07:53,812] >  epoch 79/41949, validation error 0.608382
[2014-07-29 13:08:17,852] >  epoch 80/42480, validation error 0.606992
[2014-07-29 13:08:41,829] >  epoch 81/43011, validation error 0.605667
[2014-07-29 13:09:05,477] >  epoch 82/43542, validation error 0.604145
[2014-07-29 13:09:29,169] >  epoch 83/44073, validation error 0.603284
[2014-07-29 13:09:52,822] >  epoch 84/44604, validation error 0.601960
[2014-07-29 13:10:16,439] >  epoch 85/45135, validation error 0.599841
[2014-07-29 13:10:40,044] >  epoch 86/45666, validation error 0.598649
[2014-07-29 13:11:03,849] >  epoch 87/46197, validation error 0.597458
[2014-07-29 13:11:27,550] >  epoch 88/46728, validation error 0.596200
[2014-07-29 13:11:51,309] >  epoch 89/47259, validation error 0.593551
[2014-07-29 13:12:15,156] >  epoch 90/47790, validation error 0.592227
[2014-07-29 13:12:38,730] >  epoch 91/48321, validation error 0.590704
[2014-07-29 13:13:02,337] >  epoch 92/48852, validation error 0.589314
[2014-07-29 13:13:25,920] >  epoch 93/49383, validation error 0.587725
[2014-07-29 13:13:49,519] >  epoch 94/49914, validation error 0.586202
[2014-07-29 13:14:13,099] >  epoch 95/50445, validation error 0.584150
[2014-07-29 13:14:36,701] >  epoch 96/50976, validation error 0.583355
[2014-07-29 13:15:00,278] >  epoch 97/51507, validation error 0.582428
[2014-07-29 13:15:23,920] >  epoch 98/52038, validation error 0.581568
[2014-07-29 13:15:47,527] >  epoch 99/52569, validation error 0.580508
[2014-07-29 13:16:11,137] >  epoch 100/53100, validation error 0.578522
[2014-07-29 13:16:11,144] >> Training finished in 0:39:35.237171
d train --epochs 100 --learning-rate 0.08 --momentum 0.1 traindata.pfile    2375,85s user 1,14s system 99% cpu 39:38,80 total