time d train --epochs 100 --learning-rate 0.1 --momentum 0.1 traindata.pfile validdata.pfile < mlp-100h.json > mlp-100h-100epochs.json
[2014-07-28 22:41:25,373] >> Loading model
[2014-07-28 22:41:25,399] >> Loading datasets
[2014-07-28 22:41:26,183] >> Supervised training started with arguments:
{'adadelta': False,
 'adadelta_epsilon': '1e-6',
 'adadelta_rho': '0.95',
 'adagrad': False,
 'adagrad_decay': False,
 'batch_size': 256,
 'datasets': (DatasetContainer [PFileDataset@traindata.pfile,1],
              DatasetContainer [PFileDataset@validdata.pfile,1],
              DatasetContainer []),
 'epochs': 100,
 'fix_layers': [],
 'graph': False,
 'hooks': [],
 'l1_reg': '0.0',
 'l2_reg': '0.0',
 'layer_args': [],
 'learning_rate': '0.1',
 'minibatches': -1,
 'momentum': '0.1',
 'newbob': False,
 'newbob_decay': 0.5,
 'newbob_threshold': [0.005, 0.001],
 'patience': -1,
 'patience_improve_threshold': 0.995,
 'patience_increase': 1.5,
 'pre_validate': False,
 'print_errors': False,
 'validation_interval': -1,
 'verbosity': 0,
 'warn': False}
[2014-07-28 22:41:26,185] >> Compiling theano graph
[2014-07-28 22:41:29,054] >> Training started
[2014-07-28 22:41:53,879] >  epoch 1/531, validation error 0.976496
[2014-07-28 22:42:18,799] >  epoch 2/1062, validation error 0.967624
[2014-07-28 22:42:43,534] >  epoch 3/1593, validation error 0.954251
[2014-07-28 22:43:08,296] >  epoch 4/2124, validation error 0.937103
[2014-07-28 22:43:33,169] >  epoch 5/2655, validation error 0.926311
[2014-07-28 22:43:58,428] >  epoch 6/3186, validation error 0.914195
[2014-07-28 22:44:23,688] >  epoch 7/3717, validation error 0.887513
[2014-07-28 22:44:48,639] >  epoch 8/4248, validation error 0.863414
[2014-07-28 22:45:13,259] >  epoch 9/4779, validation error 0.844942
[2014-07-28 22:45:38,063] >  epoch 10/5310, validation error 0.829979
[2014-07-28 22:46:02,713] >  epoch 11/5841, validation error 0.815082
[2014-07-28 22:46:27,324] >  epoch 12/6372, validation error 0.805350
[2014-07-28 22:46:51,949] >  epoch 13/6903, validation error 0.798663
[2014-07-28 22:47:16,742] >  epoch 14/7434, validation error 0.794425
[2014-07-28 22:47:43,593] >  epoch 15/7965, validation error 0.786745
[2014-07-28 22:48:09,548] >  epoch 16/8496, validation error 0.778072
[2014-07-28 22:48:34,895] >  epoch 17/9027, validation error 0.772378
[2014-07-28 22:48:59,990] >  epoch 18/9558, validation error 0.767082
[2014-07-28 22:49:25,112] >  epoch 19/10089, validation error 0.762116
[2014-07-28 22:49:50,159] >  epoch 20/10620, validation error 0.758144
[2014-07-28 22:50:15,293] >  epoch 21/11151, validation error 0.754436
[2014-07-28 22:50:40,353] >  epoch 22/11682, validation error 0.747021
[2014-07-28 22:51:05,287] >  epoch 23/12213, validation error 0.741128
[2014-07-28 22:51:30,314] >  epoch 24/12744, validation error 0.734971
[2014-07-28 22:51:55,282] >  epoch 25/13275, validation error 0.729939
[2014-07-28 22:52:20,238] >  epoch 26/13806, validation error 0.721729
[2014-07-28 22:52:45,082] >  epoch 27/14337, validation error 0.718949
[2014-07-28 22:53:10,146] >  epoch 28/14868, validation error 0.716035
[2014-07-28 22:53:35,534] >  epoch 29/15399, validation error 0.712526
[2014-07-28 22:54:00,930] >  epoch 30/15930, validation error 0.708819
[2014-07-28 22:54:25,974] >  epoch 31/16461, validation error 0.706303
[2014-07-28 22:54:50,923] >  epoch 32/16992, validation error 0.703125
[2014-07-28 22:55:15,708] >  epoch 33/17523, validation error 0.700940
[2014-07-28 22:55:40,748] >  epoch 34/18054, validation error 0.697762
[2014-07-28 22:56:05,801] >  epoch 35/18585, validation error 0.696041
[2014-07-28 22:56:31,025] >  epoch 36/19116, validation error 0.692995
[2014-07-28 22:56:56,097] >  epoch 37/19647, validation error 0.689354
[2014-07-28 22:57:21,116] >  epoch 38/20178, validation error 0.685580
[2014-07-28 22:57:46,147] >  epoch 39/20709, validation error 0.682071
[2014-07-28 22:58:11,250] >  epoch 40/21240, validation error 0.678893
[2014-07-28 22:58:36,420] >  epoch 41/21771, validation error 0.676841
[2014-07-28 22:59:01,475] >  epoch 42/22302, validation error 0.674258
[2014-07-28 22:59:26,594] >  epoch 43/22833, validation error 0.671345
[2014-07-28 22:59:51,734] >  epoch 44/23364, validation error 0.669094
[2014-07-28 23:00:16,856] >  epoch 45/23895, validation error 0.667042
[2014-07-28 23:00:41,963] >  epoch 46/24426, validation error 0.664526
[2014-07-28 23:01:06,958] >  epoch 47/24957, validation error 0.662209
[2014-07-28 23:01:31,976] >  epoch 48/25488, validation error 0.660024
[2014-07-28 23:01:56,961] >  epoch 49/26019, validation error 0.658170
[2014-07-28 23:02:21,971] >  epoch 50/26550, validation error 0.655787
[2014-07-28 23:02:49,931] >  epoch 51/27081, validation error 0.653072
[2014-07-28 23:03:14,682] >  epoch 52/27612, validation error 0.651417
[2014-07-28 23:03:39,521] >  epoch 53/28143, validation error 0.649629
[2014-07-28 23:04:04,538] >  epoch 54/28674, validation error 0.647643
[2014-07-28 23:04:29,675] >  epoch 55/29205, validation error 0.645789
[2014-07-28 23:04:54,735] >  epoch 56/29736, validation error 0.644002
[2014-07-28 23:05:19,683] >  epoch 57/30267, validation error 0.642214
[2014-07-28 23:05:44,749] >  epoch 58/30798, validation error 0.640294
[2014-07-28 23:06:10,025] >  epoch 59/31329, validation error 0.638308
[2014-07-28 23:06:35,254] >  epoch 60/31860, validation error 0.635659
[2014-07-28 23:07:00,217] >  epoch 61/32391, validation error 0.633077
[2014-07-28 23:07:25,301] >  epoch 62/32922, validation error 0.631290
[2014-07-28 23:07:50,347] >  epoch 63/33453, validation error 0.629635
[2014-07-28 23:08:15,218] >  epoch 64/33984, validation error 0.628244
[2014-07-28 23:08:40,295] >  epoch 65/34515, validation error 0.626059
[2014-07-28 23:09:05,136] >  epoch 66/35046, validation error 0.624073
[2014-07-28 23:09:29,827] >  epoch 67/35577, validation error 0.622881
[2014-07-28 23:09:54,539] >  epoch 68/36108, validation error 0.620101
[2014-07-28 23:10:19,334] >  epoch 69/36639, validation error 0.618445
[2014-07-28 23:10:44,180] >  epoch 70/37170, validation error 0.616327
[2014-07-28 23:11:09,034] >  epoch 71/37701, validation error 0.615532
[2014-07-28 23:11:33,848] >  epoch 72/38232, validation error 0.613546
[2014-07-28 23:11:58,656] >  epoch 73/38763, validation error 0.612222
[2014-07-28 23:12:23,596] >  epoch 74/39294, validation error 0.610103
[2014-07-28 23:12:48,361] >  epoch 75/39825, validation error 0.607786
[2014-07-28 23:13:13,087] >  epoch 76/40356, validation error 0.605469
[2014-07-28 23:13:37,927] >  epoch 77/40887, validation error 0.604211
[2014-07-28 23:14:02,663] >  epoch 78/41418, validation error 0.602225
[2014-07-28 23:14:27,647] >  epoch 79/41949, validation error 0.599510
[2014-07-28 23:14:52,729] >  epoch 80/42480, validation error 0.597524
[2014-07-28 23:15:17,938] >  epoch 81/43011, validation error 0.596531
[2014-07-28 23:15:43,232] >  epoch 82/43542, validation error 0.594743
[2014-07-28 23:16:08,370] >  epoch 83/44073, validation error 0.592823
[2014-07-28 23:16:33,248] >  epoch 84/44604, validation error 0.591234
[2014-07-28 23:16:58,096] >  epoch 85/45135, validation error 0.589380
[2014-07-28 23:17:23,255] >  epoch 86/45666, validation error 0.588056
[2014-07-28 23:17:50,865] >  epoch 87/46197, validation error 0.586467
[2014-07-28 23:18:16,020] >  epoch 88/46728, validation error 0.585209
[2014-07-28 23:18:41,123] >  epoch 89/47259, validation error 0.583024
[2014-07-28 23:19:06,253] >  epoch 90/47790, validation error 0.581899
[2014-07-28 23:19:31,044] >  epoch 91/48321, validation error 0.580773
[2014-07-28 23:19:55,943] >  epoch 92/48852, validation error 0.578787
[2014-07-28 23:20:20,890] >  epoch 93/49383, validation error 0.577529
[2014-07-28 23:20:45,730] >  epoch 94/49914, validation error 0.576735
[2014-07-28 23:21:10,567] >  epoch 95/50445, validation error 0.575940
[2014-07-28 23:21:35,445] >  epoch 96/50976, validation error 0.575013
[2014-07-28 23:22:00,511] >  epoch 97/51507, validation error 0.574285
[2014-07-28 23:22:25,454] >  epoch 98/52038, validation error 0.573226
[2014-07-28 23:22:50,553] >  epoch 99/52569, validation error 0.572762
[2014-07-28 23:23:21,419] >  epoch 100/53100, validation error 0.571239
[2014-07-28 23:23:21,427] >> Training finished in 0:41:52.372716
d train --epochs 100 --learning-rate 0.1 --momentum 0.1 traindata.pfile  <  2464,82s user 2,42s system 98% cpu 41:56,46 total
